# JRE version: Java(TM) SE Runtime Environment (8.0_31-b13) (build 1.8.0_31-b13)
# Java VM: Java HotSpot(TM) 64-Bit Server VM (25.31-b07 mixed mode windows-amd64 compressed oops)
Heap:
 PSYoungGen      total 327680K, used 203844K [0x00000000d5a00000, 0x00000000eba80000, 0x0000000100000000)
  eden space 301568K, 67% used [0x00000000d5a00000,0x00000000e2111260,0x00000000e8080000)
  from space 26112K, 0% used [0x00000000e9e80000,0x00000000e9e80000,0x00000000eb800000)
  to   space 29696K, 0% used [0x00000000e8080000,0x00000000e8080000,0x00000000e9d80000)
 ParOldGen       total 165888K, used 43229K [0x0000000080e00000, 0x000000008b000000, 0x00000000d5a00000)
  object space 165888K, 26% used [0x0000000080e00000,0x0000000083837508,0x000000008b000000)
 Metaspace       used 61894K, capacity 62978K, committed 63128K, reserved 1103872K
  class space    used 8080K, capacity 8322K, committed 8360K, reserved 1048576K
GC Heap History (10 events):
Event: 18.271 GC heap before
{Heap before GC invocations=17 (full 2):
 PSYoungGen      total 246272K, used 243779K [0x00000000d5a00000, 0x00000000e5b00000, 0x0000000100000000)
  eden space 232448K, 100% used [0x00000000d5a00000,0x00000000e3d00000,0x00000000e3d00000)
  from space 13824K, 81% used [0x00000000e4d80000,0x00000000e5890c40,0x00000000e5b00000)
  to   space 15360K, 0% used [0x00000000e3d00000,0x00000000e3d00000,0x00000000e4c00000)
 ParOldGen       total 110080K, used 22590K [0x0000000080e00000, 0x0000000087980000, 0x00000000d5a00000)
  object space 110080K, 20% used [0x0000000080e00000,0x000000008240faf8,0x0000000087980000)
 Metaspace       used 47724K, capacity 48428K, committed 48680K, reserved 1091584K
  class space    used 6470K, capacity 6593K, committed 6696K, reserved 1048576K
Event: 18.287 GC heap after
Heap after GC invocations=17 (full 2):
 PSYoungGen      total 247808K, used 15343K [0x00000000d5a00000, 0x00000000e8a80000, 0x0000000100000000)
  eden space 232448K, 0% used [0x00000000d5a00000,0x00000000d5a00000,0x00000000e3d00000)
  from space 15360K, 99% used [0x00000000e3d00000,0x00000000e4bfbc88,0x00000000e4c00000)
  to   space 17920K, 0% used [0x00000000e7900000,0x00000000e7900000,0x00000000e8a80000)
 ParOldGen       total 110080K, used 24292K [0x0000000080e00000, 0x0000000087980000, 0x00000000d5a00000)
  object space 110080K, 22% used [0x0000000080e00000,0x00000000825b9288,0x0000000087980000)
 Metaspace       used 47724K, capacity 48428K, committed 48680K, reserved 1091584K
  class space    used 6470K, capacity 6593K, committed 6696K, reserved 1048576K
}
Event: 20.220 GC heap before
{Heap before GC invocations=18 (full 2):
 PSYoungGen      total 247808K, used 247791K [0x00000000d5a00000, 0x00000000e8a80000, 0x0000000100000000)
  eden space 232448K, 100% used [0x00000000d5a00000,0x00000000e3d00000,0x00000000e3d00000)
  from space 15360K, 99% used [0x00000000e3d00000,0x00000000e4bfbc88,0x00000000e4c00000)
  to   space 17920K, 0% used [0x00000000e7900000,0x00000000e7900000,0x00000000e8a80000)
 ParOldGen       total 110080K, used 24292K [0x0000000080e00000, 0x0000000087980000, 0x00000000d5a00000)
  object space 110080K, 22% used [0x0000000080e00000,0x00000000825b9288,0x0000000087980000)
 Metaspace       used 49854K, capacity 50558K, committed 50728K, reserved 1093632K
  class space    used 6764K, capacity 6890K, committed 6952K, reserved 1048576K
Event: 20.236 GC heap after
Heap after GC invocations=18 (full 2):
 PSYoungGen      total 289792K, used 17919K [0x00000000d5a00000, 0x00000000e9300000, 0x0000000100000000)
  eden space 271872K, 0% used [0x00000000d5a00000,0x00000000d5a00000,0x00000000e6380000)
  from space 17920K, 99% used [0x00000000e7900000,0x00000000e8a7fc88,0x00000000e8a80000)
  to   space 22016K, 0% used [0x00000000e6380000,0x00000000e6380000,0x00000000e7900000)
 ParOldGen       total 110080K, used 28583K [0x0000000080e00000, 0x0000000087980000, 0x00000000d5a00000)
  object space 110080K, 25% used [0x0000000080e00000,0x00000000829e9c80,0x0000000087980000)
 Metaspace       used 49854K, capacity 50558K, committed 50728K, reserved 1093632K
  class space    used 6764K, capacity 6890K, committed 6952K, reserved 1048576K
}
Event: 22.668 GC heap before
{Heap before GC invocations=19 (full 2):
 PSYoungGen      total 289792K, used 289791K [0x00000000d5a00000, 0x00000000e9300000, 0x0000000100000000)
  eden space 271872K, 100% used [0x00000000d5a00000,0x00000000e6380000,0x00000000e6380000)
  from space 17920K, 99% used [0x00000000e7900000,0x00000000e8a7fc88,0x00000000e8a80000)
  to   space 22016K, 0% used [0x00000000e6380000,0x00000000e6380000,0x00000000e7900000)
 ParOldGen       total 110080K, used 28583K [0x0000000080e00000, 0x0000000087980000, 0x00000000d5a00000)
  object space 110080K, 25% used [0x0000000080e00000,0x00000000829e9c80,0x0000000087980000)
 Metaspace       used 53205K, capacity 54010K, committed 54312K, reserved 1095680K
  class space    used 7218K, capacity 7358K, committed 7464K, reserved 1048576K
Event: 22.686 GC heap after
Heap after GC invocations=19 (full 2):
 PSYoungGen      total 293888K, used 21999K [0x00000000d5a00000, 0x00000000eb800000, 0x0000000100000000)
  eden space 271872K, 0% used [0x00000000d5a00000,0x00000000d5a00000,0x00000000e6380000)
  from space 22016K, 99% used [0x00000000e6380000,0x00000000e78fbc98,0x00000000e7900000)
  to   space 26112K, 0% used [0x00000000e9e80000,0x00000000e9e80000,0x00000000eb800000)
 ParOldGen       total 110080K, used 32481K [0x0000000080e00000, 0x0000000087980000, 0x00000000d5a00000)
  object space 110080K, 29% used [0x0000000080e00000,0x0000000082db87a8,0x0000000087980000)
 Metaspace       used 53205K, capacity 54010K, committed 54312K, reserved 1095680K
  class space    used 7218K, capacity 7358K, committed 7464K, reserved 1048576K
}
Event: 35.205 GC heap before
{Heap before GC invocations=20 (full 2):
 PSYoungGen      total 293888K, used 159475K [0x00000000d5a00000, 0x00000000eb800000, 0x0000000100000000)
  eden space 271872K, 50% used [0x00000000d5a00000,0x00000000de041270,0x00000000e6380000)
  from space 22016K, 99% used [0x00000000e6380000,0x00000000e78fbc98,0x00000000e7900000)
  to   space 26112K, 0% used [0x00000000e9e80000,0x00000000e9e80000,0x00000000eb800000)
 ParOldGen       total 110080K, used 32481K [0x0000000080e00000, 0x0000000087980000, 0x00000000d5a00000)
  object space 110080K, 29% used [0x0000000080e00000,0x0000000082db87a8,0x0000000087980000)
 Metaspace       used 58230K, capacity 58994K, committed 59160K, reserved 1099776K
  class space    used 7750K, capacity 7881K, committed 7976K, reserved 1048576K
Event: 35.226 GC heap after
Heap after GC invocations=20 (full 2):
 PSYoungGen      total 327680K, used 25189K [0x00000000d5a00000, 0x00000000eba80000, 0x0000000100000000)
  eden space 301568K, 0% used [0x00000000d5a00000,0x00000000d5a00000,0x00000000e8080000)
  from space 26112K, 96% used [0x00000000e9e80000,0x00000000eb719570,0x00000000eb800000)
  to   space 29696K, 0% used [0x00000000e8080000,0x00000000e8080000,0x00000000e9d80000)
 ParOldGen       total 110080K, used 32489K [0x0000000080e00000, 0x0000000087980000, 0x00000000d5a00000)
  object space 110080K, 29% used [0x0000000080e00000,0x0000000082dba7a8,0x0000000087980000)
 Metaspace       used 58230K, capacity 58994K, committed 59160K, reserved 1099776K
  class space    used 7750K, capacity 7881K, committed 7976K, reserved 1048576K
}
Event: 35.226 GC heap before
{Heap before GC invocations=21 (full 3):
 PSYoungGen      total 327680K, used 25189K [0x00000000d5a00000, 0x00000000eba80000, 0x0000000100000000)
  eden space 301568K, 0% used [0x00000000d5a00000,0x00000000d5a00000,0x00000000e8080000)
  from space 26112K, 96% used [0x00000000e9e80000,0x00000000eb719570,0x00000000eb800000)
  to   space 29696K, 0% used [0x00000000e8080000,0x00000000e8080000,0x00000000e9d80000)
 ParOldGen       total 110080K, used 32489K [0x0000000080e00000, 0x0000000087980000, 0x00000000d5a00000)
  object space 110080K, 29% used [0x0000000080e00000,0x0000000082dba7a8,0x0000000087980000)
 Metaspace       used 58230K, capacity 58994K, committed 59160K, reserved 1099776K
  class space    used 7750K, capacity 7881K, committed 7976K, reserved 1048576K
Event: 35.474 GC heap after
Heap after GC invocations=21 (full 3):
 PSYoungGen      total 327680K, used 0K [0x00000000d5a00000, 0x00000000eba80000, 0x0000000100000000)
  eden space 301568K, 0% used [0x00000000d5a00000,0x00000000d5a00000,0x00000000e8080000)
  from space 26112K, 0% used [0x00000000e9e80000,0x00000000e9e80000,0x00000000eb800000)
  to   space 29696K, 0% used [0x00000000e8080000,0x00000000e8080000,0x00000000e9d80000)
 ParOldGen       total 165888K, used 43229K [0x0000000080e00000, 0x000000008b000000, 0x00000000d5a00000)
  object space 165888K, 26% used [0x0000000080e00000,0x0000000083837508,0x000000008b000000)
 Metaspace       used 58230K, capacity 58994K, committed 59160K, reserved 1099776K
  class space    used 7750K, capacity 7881K, committed 7976K, reserved 1048576K
}

