# JRE version: Java(TM) SE Runtime Environment (8.0_31-b13) (build 1.8.0_31-b13)
# Java VM: Java HotSpot(TM) 64-Bit Server VM (25.31-b07 mixed mode windows-amd64 compressed oops)
Heap:
 PSYoungGen      total 347648K, used 97625K [0x00000000d5a00000, 0x00000000ee380000, 0x0000000100000000)
  eden space 321024K, 30% used [0x00000000d5a00000,0x00000000db956460,0x00000000e9380000)
  from space 26624K, 0% used [0x00000000eb100000,0x00000000eb100000,0x00000000ecb00000)
  to   space 30208K, 0% used [0x00000000e9380000,0x00000000e9380000,0x00000000eb100000)
 ParOldGen       total 153600K, used 42697K [0x0000000080e00000, 0x000000008a400000, 0x00000000d5a00000)
  object space 153600K, 27% used [0x0000000080e00000,0x00000000837b26a0,0x000000008a400000)
 Metaspace       used 61014K, capacity 61980K, committed 62360K, reserved 1103872K
  class space    used 8056K, capacity 8273K, committed 8360K, reserved 1048576K
GC Heap History (10 events):
Event: 22.422 GC heap before
{Heap before GC invocations=17 (full 2):
 PSYoungGen      total 261120K, used 258419K [0x00000000d5a00000, 0x00000000e6a80000, 0x0000000100000000)
  eden space 245760K, 100% used [0x00000000d5a00000,0x00000000e4a00000,0x00000000e4a00000)
  from space 15360K, 82% used [0x00000000e5a00000,0x00000000e665cf40,0x00000000e6900000)
  to   space 16384K, 0% used [0x00000000e4a00000,0x00000000e4a00000,0x00000000e5a00000)
 ParOldGen       total 109056K, used 22547K [0x0000000080e00000, 0x0000000087880000, 0x00000000d5a00000)
  object space 109056K, 20% used [0x0000000080e00000,0x0000000082404ed8,0x0000000087880000)
 Metaspace       used 47767K, capacity 48474K, committed 48680K, reserved 1091584K
  class space    used 6495K, capacity 6628K, committed 6696K, reserved 1048576K
Event: 22.442 GC heap after
Heap after GC invocations=17 (full 2):
 PSYoungGen      total 262144K, used 16360K [0x00000000d5a00000, 0x00000000e9e00000, 0x0000000100000000)
  eden space 245760K, 0% used [0x00000000d5a00000,0x00000000d5a00000,0x00000000e4a00000)
  from space 16384K, 99% used [0x00000000e4a00000,0x00000000e59fa140,0x00000000e5a00000)
  to   space 18432K, 0% used [0x00000000e8c00000,0x00000000e8c00000,0x00000000e9e00000)
 ParOldGen       total 109056K, used 23259K [0x0000000080e00000, 0x0000000087880000, 0x00000000d5a00000)
  object space 109056K, 21% used [0x0000000080e00000,0x00000000824b6f08,0x0000000087880000)
 Metaspace       used 47767K, capacity 48474K, committed 48680K, reserved 1091584K
  class space    used 6495K, capacity 6628K, committed 6696K, reserved 1048576K
}
Event: 24.757 GC heap before
{Heap before GC invocations=18 (full 2):
 PSYoungGen      total 262144K, used 262120K [0x00000000d5a00000, 0x00000000e9e00000, 0x0000000100000000)
  eden space 245760K, 100% used [0x00000000d5a00000,0x00000000e4a00000,0x00000000e4a00000)
  from space 16384K, 99% used [0x00000000e4a00000,0x00000000e59fa140,0x00000000e5a00000)
  to   space 18432K, 0% used [0x00000000e8c00000,0x00000000e8c00000,0x00000000e9e00000)
 ParOldGen       total 109056K, used 23259K [0x0000000080e00000, 0x0000000087880000, 0x00000000d5a00000)
  object space 109056K, 21% used [0x0000000080e00000,0x00000000824b6f08,0x0000000087880000)
 Metaspace       used 50384K, capacity 51096K, committed 51368K, reserved 1093632K
  class space    used 6857K, capacity 6985K, committed 7080K, reserved 1048576K
Event: 24.780 GC heap after
Heap after GC invocations=18 (full 2):
 PSYoungGen      total 308736K, used 18408K [0x00000000d5a00000, 0x00000000ea980000, 0x0000000100000000)
  eden space 290304K, 0% used [0x00000000d5a00000,0x00000000d5a00000,0x00000000e7580000)
  from space 18432K, 99% used [0x00000000e8c00000,0x00000000e9dfa120,0x00000000e9e00000)
  to   space 23040K, 0% used [0x00000000e7580000,0x00000000e7580000,0x00000000e8c00000)
 ParOldGen       total 109056K, used 29305K [0x0000000080e00000, 0x0000000087880000, 0x00000000d5a00000)
  object space 109056K, 26% used [0x0000000080e00000,0x0000000082a9e410,0x0000000087880000)
 Metaspace       used 50384K, capacity 51096K, committed 51368K, reserved 1093632K
  class space    used 6857K, capacity 6985K, committed 7080K, reserved 1048576K
}
Event: 72.235 GC heap before
{Heap before GC invocations=19 (full 2):
 PSYoungGen      total 308736K, used 308712K [0x00000000d5a00000, 0x00000000ea980000, 0x0000000100000000)
  eden space 290304K, 100% used [0x00000000d5a00000,0x00000000e7580000,0x00000000e7580000)
  from space 18432K, 99% used [0x00000000e8c00000,0x00000000e9dfa120,0x00000000e9e00000)
  to   space 23040K, 0% used [0x00000000e7580000,0x00000000e7580000,0x00000000e8c00000)
 ParOldGen       total 109056K, used 29305K [0x0000000080e00000, 0x0000000087880000, 0x00000000d5a00000)
  object space 109056K, 26% used [0x0000000080e00000,0x0000000082a9e410,0x0000000087880000)
 Metaspace       used 54557K, capacity 55350K, committed 55720K, reserved 1097728K
  class space    used 7389K, capacity 7524K, committed 7592K, reserved 1048576K
Event: 72.257 GC heap after
Heap after GC invocations=19 (full 2):
 PSYoungGen      total 313344K, used 23022K [0x00000000d5a00000, 0x00000000ecb00000, 0x0000000100000000)
  eden space 290304K, 0% used [0x00000000d5a00000,0x00000000d5a00000,0x00000000e7580000)
  from space 23040K, 99% used [0x00000000e7580000,0x00000000e8bfb908,0x00000000e8c00000)
  to   space 26624K, 0% used [0x00000000eb100000,0x00000000eb100000,0x00000000ecb00000)
 ParOldGen       total 109056K, used 29378K [0x0000000080e00000, 0x0000000087880000, 0x00000000d5a00000)
  object space 109056K, 26% used [0x0000000080e00000,0x0000000082ab0b80,0x0000000087880000)
 Metaspace       used 54557K, capacity 55350K, committed 55720K, reserved 1097728K
  class space    used 7389K, capacity 7524K, committed 7592K, reserved 1048576K
}
Event: 72.982 GC heap before
{Heap before GC invocations=20 (full 2):
 PSYoungGen      total 313344K, used 66496K [0x00000000d5a00000, 0x00000000ecb00000, 0x0000000100000000)
  eden space 290304K, 14% used [0x00000000d5a00000,0x00000000d8474980,0x00000000e7580000)
  from space 23040K, 99% used [0x00000000e7580000,0x00000000e8bfb908,0x00000000e8c00000)
  to   space 26624K, 0% used [0x00000000eb100000,0x00000000eb100000,0x00000000ecb00000)
 ParOldGen       total 109056K, used 29378K [0x0000000080e00000, 0x0000000087880000, 0x00000000d5a00000)
  object space 109056K, 26% used [0x0000000080e00000,0x0000000082ab0b80,0x0000000087880000)
 Metaspace       used 58112K, capacity 58950K, committed 59160K, reserved 1099776K
  class space    used 7751K, capacity 7911K, committed 7976K, reserved 1048576K
Event: 73.004 GC heap after
Heap after GC invocations=20 (full 2):
 PSYoungGen      total 347648K, used 25770K [0x00000000d5a00000, 0x00000000ee380000, 0x0000000100000000)
  eden space 321024K, 0% used [0x00000000d5a00000,0x00000000d5a00000,0x00000000e9380000)
  from space 26624K, 96% used [0x00000000eb100000,0x00000000eca2ab88,0x00000000ecb00000)
  to   space 30208K, 0% used [0x00000000e9380000,0x00000000e9380000,0x00000000eb100000)
 ParOldGen       total 109056K, used 29386K [0x0000000080e00000, 0x0000000087880000, 0x00000000d5a00000)
  object space 109056K, 26% used [0x0000000080e00000,0x0000000082ab2b80,0x0000000087880000)
 Metaspace       used 58112K, capacity 58950K, committed 59160K, reserved 1099776K
  class space    used 7751K, capacity 7911K, committed 7976K, reserved 1048576K
}
Event: 73.004 GC heap before
{Heap before GC invocations=21 (full 3):
 PSYoungGen      total 347648K, used 25770K [0x00000000d5a00000, 0x00000000ee380000, 0x0000000100000000)
  eden space 321024K, 0% used [0x00000000d5a00000,0x00000000d5a00000,0x00000000e9380000)
  from space 26624K, 96% used [0x00000000eb100000,0x00000000eca2ab88,0x00000000ecb00000)
  to   space 30208K, 0% used [0x00000000e9380000,0x00000000e9380000,0x00000000eb100000)
 ParOldGen       total 109056K, used 29386K [0x0000000080e00000, 0x0000000087880000, 0x00000000d5a00000)
  object space 109056K, 26% used [0x0000000080e00000,0x0000000082ab2b80,0x0000000087880000)
 Metaspace       used 58112K, capacity 58950K, committed 59160K, reserved 1099776K
  class space    used 7751K, capacity 7911K, committed 7976K, reserved 1048576K
Event: 73.264 GC heap after
Heap after GC invocations=21 (full 3):
 PSYoungGen      total 347648K, used 0K [0x00000000d5a00000, 0x00000000ee380000, 0x0000000100000000)
  eden space 321024K, 0% used [0x00000000d5a00000,0x00000000d5a00000,0x00000000e9380000)
  from space 26624K, 0% used [0x00000000eb100000,0x00000000eb100000,0x00000000ecb00000)
  to   space 30208K, 0% used [0x00000000e9380000,0x00000000e9380000,0x00000000eb100000)
 ParOldGen       total 153600K, used 42697K [0x0000000080e00000, 0x000000008a400000, 0x00000000d5a00000)
  object space 153600K, 27% used [0x0000000080e00000,0x00000000837b26a0,0x000000008a400000)
 Metaspace       used 58112K, capacity 58950K, committed 59160K, reserved 1099776K
  class space    used 7751K, capacity 7911K, committed 7976K, reserved 1048576K
}

